\BOOKMARK [1][-]{section.1}{Introduction}{}% 1
\BOOKMARK [1][-]{section.2}{System Architecture Design}{}% 2
\BOOKMARK [2][-]{subsection.2.1}{System Overview}{section.2}% 3
\BOOKMARK [2][-]{subsection.2.2}{Virtual Time Management}{section.2}% 4
\BOOKMARK [2][-]{subsection.2.3}{Adaptive Time Dilation}{section.2}% 5
\BOOKMARK [1][-]{section.3}{Implementation}{}% 6
\BOOKMARK [2][-]{subsection.3.1}{Linux Kernel Modifications}{section.3}% 7
\BOOKMARK [3][-]{subsubsection.3.1.1}{Timing-related Kernel Modifications}{subsection.3.1}% 8
\BOOKMARK [3][-]{subsubsection.3.1.2}{Process-related Kernel Modifications}{subsection.3.1}% 9
\BOOKMARK [3][-]{subsubsection.3.1.3}{Networking-related Kernel Modifications}{subsection.3.1}% 10
\BOOKMARK [2][-]{subsection.3.2}{Network Emulator Modifications}{section.3}% 11
\BOOKMARK [3][-]{subsubsection.3.2.1}{Virtual-Time-Enabled Container}{subsection.3.2}% 12
\BOOKMARK [3][-]{subsubsection.3.2.2}{Adaptive TDF Scheduling}{subsection.3.2}% 13
\BOOKMARK [2][-]{subsection.3.3}{Virtual Time Support for Applications in Containers}{section.3}% 14
\BOOKMARK [1][-]{section.4}{Evaluation}{}% 15
\BOOKMARK [1][-]{section.5}{Case Study: Evaluation of ECMP in Data Center Networks}{}% 16
\BOOKMARK [1][-]{section.6}{Related Work}{}% 17
\BOOKMARK [2][-]{subsection.6.1}{Virtual Time System}{section.6}% 18
\BOOKMARK [2][-]{subsection.6.2}{Adaptive Virtual Time Scheduling}{section.6}% 19
\BOOKMARK [2][-]{subsection.6.3}{SDN Emulation and Simulation}{section.6}% 20
\BOOKMARK [1][-]{section.7}{Conclusion and Future Works}{}% 21
\BOOKMARK [1][-]{section.8}{References}{}% 22
